[INFO] Scanning for projects...
[INFO] 
[INFO] --------------------< com.streaming:config-service >--------------------
[INFO] Building config-service 0.0.1-SNAPSHOT
[INFO]   from pom.xml
[INFO] --------------------------------[ jar ]---------------------------------
[INFO] 
[INFO] >>> spring-boot:3.5.11:run (default-cli) > test-compile @ config-service >>>
[INFO] 
[INFO] --- resources:3.3.1:resources (default-resources) @ config-service ---
[INFO] Copying 1 resource from src/main/resources to target/classes
[INFO] Copying 0 resource from src/main/resources to target/classes
[INFO] 
[INFO] --- compiler:3.14.1:compile (default-compile) @ config-service ---
[INFO] Nothing to compile - all classes are up to date.
[INFO] 
[INFO] --- resources:3.3.1:testResources (default-testResources) @ config-service ---
[INFO] skip non existing resourceDirectory /var/www/html/A2/streaming-backend/config-service/src/test/resources
[INFO] 
[INFO] --- compiler:3.14.1:testCompile (default-testCompile) @ config-service ---
[INFO] Nothing to compile - all classes are up to date.
[INFO] 
[INFO] <<< spring-boot:3.5.11:run (default-cli) < test-compile @ config-service <<<
[INFO] 
[INFO] 
[INFO] --- spring-boot:3.5.11:run (default-cli) @ config-service ---
[INFO] Attaching agents: []

  .   ____          _            __ _ _
 /\\ / ___'_ __ _ _(_)_ __  __ _ \ \ \ \
( ( )\___ | '_ | '_| | '_ \/ _` | \ \ \ \
 \\/  ___)| |_)| | | | | || (_| |  ) ) ) )
  '  |____| .__|_| |_|_| |_\__, | / / / /
 =========|_|==============|___/=/_/_/_/

 :: Spring Boot ::               (v3.5.11)

2026-03-03T14:40:34.037Z  INFO 150579 --- [config-service] [           main] c.s.config.ConfigServiceApplication      : Starting ConfigServiceApplication using Java 21.0.2 with PID 150579 (/var/www/html/A2/streaming-backend/config-service/target/classes started by moustapha in /var/www/html/A2/streaming-backend/config-service)
2026-03-03T14:40:34.039Z  INFO 150579 --- [config-service] [           main] c.s.config.ConfigServiceApplication      : No active profile set, falling back to 1 default profile: "default"
2026-03-03T14:40:36.100Z  INFO 150579 --- [config-service] [           main] o.s.cloud.context.scope.GenericScope     : BeanFactory id=b4af8170-568e-325f-9df7-408a95c8be6f
2026-03-03T14:40:36.602Z  INFO 150579 --- [config-service] [           main] o.s.b.w.embedded.tomcat.TomcatWebServer  : Tomcat initialized with port 8888 (http)
2026-03-03T14:40:36.629Z  INFO 150579 --- [config-service] [           main] o.apache.catalina.core.StandardService   : Starting service [Tomcat]
2026-03-03T14:40:36.629Z  INFO 150579 --- [config-service] [           main] o.apache.catalina.core.StandardEngine    : Starting Servlet engine: [Apache Tomcat/10.1.52]
2026-03-03T14:40:36.732Z  INFO 150579 --- [config-service] [           main] o.a.c.c.C.[Tomcat].[localhost].[/]       : Initializing Spring embedded WebApplicationContext
2026-03-03T14:40:36.734Z  INFO 150579 --- [config-service] [           main] w.s.c.ServletWebServerApplicationContext : Root WebApplicationContext: initialization completed in 2617 ms
2026-03-03T14:40:38.994Z  INFO 150579 --- [config-service] [           main] DiscoveryClientOptionalArgsConfiguration : Eureka HTTP Client uses RestTemplate.
2026-03-03T14:40:39.125Z  WARN 150579 --- [config-service] [           main] iguration$LoadBalancerCaffeineWarnLogger : Spring Cloud LoadBalancer is currently working with the default cache. While this cache implementation is useful for development and tests, it's recommended to use Caffeine cache in production.You can switch to using Caffeine cache, by adding it and org.springframework.cache.caffeine.CaffeineCacheManager to the classpath.
2026-03-03T14:40:39.139Z  INFO 150579 --- [config-service] [           main] o.s.b.a.e.web.EndpointLinksResolver      : Exposing 16 endpoints beneath base path '/actuator'
2026-03-03T14:40:39.230Z  INFO 150579 --- [config-service] [           main] o.s.c.n.eureka.InstanceInfoFactory       : Setting initial instance status as: STARTING
2026-03-03T14:40:39.270Z  INFO 150579 --- [config-service] [           main] com.netflix.discovery.DiscoveryClient    : Initializing Eureka in region us-east-1
2026-03-03T14:40:39.273Z  INFO 150579 --- [config-service] [           main] com.netflix.discovery.DiscoveryClient    : Client configured to neither register nor query for data.
2026-03-03T14:40:39.276Z  INFO 150579 --- [config-service] [           main] com.netflix.discovery.DiscoveryClient    : Discovery Client initialized at timestamp 1772548839275 with initial instances count: 0
2026-03-03T14:40:39.281Z  INFO 150579 --- [config-service] [           main] o.s.c.n.e.s.EurekaServiceRegistry        : Registering application CONFIG-SERVICE with eureka with status UP
2026-03-03T14:40:39.305Z  INFO 150579 --- [config-service] [           main] o.s.b.w.embedded.tomcat.TomcatWebServer  : Tomcat started on port 8888 (http) with context path '/'
2026-03-03T14:40:39.307Z  INFO 150579 --- [config-service] [           main] .s.c.n.e.s.EurekaAutoServiceRegistration : Updating port to 8888
2026-03-03T14:40:39.541Z  INFO 150579 --- [config-service] [           main] c.s.config.ConfigServiceApplication      : Started ConfigServiceApplication in 6.493 seconds (process running for 7.437)
2026-03-03T14:40:41.330Z  INFO 150579 --- [config-service] [nio-8888-exec-1] o.a.c.c.C.[Tomcat].[localhost].[/]       : Initializing Spring DispatcherServlet 'dispatcherServlet'
2026-03-03T14:40:41.330Z  INFO 150579 --- [config-service] [nio-8888-exec-1] o.s.web.servlet.DispatcherServlet        : Initializing Servlet 'dispatcherServlet'
2026-03-03T14:40:41.335Z  INFO 150579 --- [config-service] [nio-8888-exec-1] o.s.web.servlet.DispatcherServlet        : Completed initialization in 5 ms
2026-03-03T14:40:41.885Z  WARN 150579 --- [config-service] [nio-8888-exec-1] pClientConfigurableHttpConnectionFactory : No custom http config found for URL: https://github.com/amdymstfa/config-repo.git/info/refs?service=git-upload-pack
2026-03-03T14:40:43.031Z  WARN 150579 --- [config-service] [nio-8888-exec-1] pClientConfigurableHttpConnectionFactory : No custom http config found for URL: https://github.com/amdymstfa/config-repo.git/git-upload-pack
2026-03-03T14:40:43.681Z  INFO 150579 --- [config-service] [nio-8888-exec-1] o.s.c.c.s.e.NativeEnvironmentRepository  : Adding property source: Config resource 'file [/var/www/html/A2/config-repo/application.yml]' via location 'file:/var/www/html/A2/config-repo/'
2026-03-03T14:41:13.616Z  WARN 150579 --- [config-service] [nio-8888-exec-2] pClientConfigurableHttpConnectionFactory : No custom http config found for URL: https://github.com/amdymstfa/config-repo.git/info/refs?service=git-upload-pack
2026-03-03T14:41:14.056Z  WARN 150579 --- [config-service] [nio-8888-exec-2] pClientConfigurableHttpConnectionFactory : No custom http config found for URL: https://github.com/amdymstfa/config-repo.git/git-upload-pack
2026-03-03T14:41:14.421Z  INFO 150579 --- [config-service] [nio-8888-exec-2] o.s.c.c.s.e.NativeEnvironmentRepository  : Adding property source: Config resource 'file [/var/www/html/A2/config-repo/auth-service.yml]' via location 'file:/var/www/html/A2/config-repo/'
2026-03-03T14:41:14.421Z  INFO 150579 --- [config-service] [nio-8888-exec-2] o.s.c.c.s.e.NativeEnvironmentRepository  : Adding property source: Config resource 'file [/var/www/html/A2/config-repo/application.yml]' via location 'file:/var/www/html/A2/config-repo/'
2026-03-03T14:41:35.863Z  WARN 150579 --- [config-service] [nio-8888-exec-3] pClientConfigurableHttpConnectionFactory : No custom http config found for URL: https://github.com/amdymstfa/config-repo.git/info/refs?service=git-upload-pack
2026-03-03T14:41:36.226Z  WARN 150579 --- [config-service] [nio-8888-exec-3] pClientConfigurableHttpConnectionFactory : No custom http config found for URL: https://github.com/amdymstfa/config-repo.git/git-upload-pack
2026-03-03T14:41:36.635Z  INFO 150579 --- [config-service] [nio-8888-exec-3] o.s.c.c.s.e.NativeEnvironmentRepository  : Adding property source: Config resource 'file [/var/www/html/A2/config-repo/gateway-service.yml]' via location 'file:/var/www/html/A2/config-repo/'
2026-03-03T14:41:36.636Z  INFO 150579 --- [config-service] [nio-8888-exec-3] o.s.c.c.s.e.NativeEnvironmentRepository  : Adding property source: Config resource 'file [/var/www/html/A2/config-repo/application.yml]' via location 'file:/var/www/html/A2/config-repo/'
2026-03-03T14:41:56.724Z  WARN 150579 --- [config-service] [nio-8888-exec-4] pClientConfigurableHttpConnectionFactory : No custom http config found for URL: https://github.com/amdymstfa/config-repo.git/info/refs?service=git-upload-pack
2026-03-03T14:41:57.132Z  WARN 150579 --- [config-service] [nio-8888-exec-4] pClientConfigurableHttpConnectionFactory : No custom http config found for URL: https://github.com/amdymstfa/config-repo.git/git-upload-pack
2026-03-03T14:41:57.503Z  INFO 150579 --- [config-service] [nio-8888-exec-4] o.s.c.c.s.e.NativeEnvironmentRepository  : Adding property source: Config resource 'file [/var/www/html/A2/config-repo/video-service.yml]' via location 'file:/var/www/html/A2/config-repo/'
2026-03-03T14:41:57.504Z  INFO 150579 --- [config-service] [nio-8888-exec-4] o.s.c.c.s.e.NativeEnvironmentRepository  : Adding property source: Config resource 'file [/var/www/html/A2/config-repo/application.yml]' via location 'file:/var/www/html/A2/config-repo/'
2026-03-03T14:42:20.103Z  WARN 150579 --- [config-service] [nio-8888-exec-6] pClientConfigurableHttpConnectionFactory : No custom http config found for URL: https://github.com/amdymstfa/config-repo.git/info/refs?service=git-upload-pack
2026-03-03T14:42:20.480Z  WARN 150579 --- [config-service] [nio-8888-exec-6] pClientConfigurableHttpConnectionFactory : No custom http config found for URL: https://github.com/amdymstfa/config-repo.git/git-upload-pack
2026-03-03T14:42:20.870Z  INFO 150579 --- [config-service] [nio-8888-exec-6] o.s.c.c.s.e.NativeEnvironmentRepository  : Adding property source: Config resource 'file [/var/www/html/A2/config-repo/user-service.yml]' via location 'file:/var/www/html/A2/config-repo/'
2026-03-03T14:42:20.870Z  INFO 150579 --- [config-service] [nio-8888-exec-6] o.s.c.c.s.e.NativeEnvironmentRepository  : Adding property source: Config resource 'file [/var/www/html/A2/config-repo/application.yml]' via location 'file:/var/www/html/A2/config-repo/'
2026-03-03T14:43:12.836Z  WARN 150579 --- [config-service] [nio-8888-exec-9] pClientConfigurableHttpConnectionFactory : No custom http config found for URL: https://github.com/amdymstfa/config-repo.git/info/refs?service=git-upload-pack
2026-03-03T14:43:13.393Z  WARN 150579 --- [config-service] [nio-8888-exec-9] pClientConfigurableHttpConnectionFactory : No custom http config found for URL: https://github.com/amdymstfa/config-repo.git/git-upload-pack
2026-03-03T14:43:13.767Z  INFO 150579 --- [config-service] [nio-8888-exec-9] o.s.c.c.s.e.NativeEnvironmentRepository  : Adding property source: Config resource 'file [/var/www/html/A2/config-repo/application.yml]' via location 'file:/var/www/html/A2/config-repo/'
