[INFO] Scanning for projects...
[INFO] 
[INFO] ------------------< com.streaming:discovery-service >-------------------
[INFO] Building discovery-service 0.0.1-SNAPSHOT
[INFO]   from pom.xml
[INFO] --------------------------------[ jar ]---------------------------------
[INFO] 
[INFO] >>> spring-boot:3.5.11:run (default-cli) > test-compile @ discovery-service >>>
[INFO] 
[INFO] --- resources:3.3.1:resources (default-resources) @ discovery-service ---
[INFO] Copying 1 resource from src/main/resources to target/classes
[INFO] Copying 0 resource from src/main/resources to target/classes
[INFO] 
[INFO] --- compiler:3.14.1:compile (default-compile) @ discovery-service ---
[INFO] Nothing to compile - all classes are up to date.
[INFO] 
[INFO] --- resources:3.3.1:testResources (default-testResources) @ discovery-service ---
[INFO] skip non existing resourceDirectory /var/www/html/A2/streaming-backend/discovery-service/src/test/resources
[INFO] 
[INFO] --- compiler:3.14.1:testCompile (default-testCompile) @ discovery-service ---
[INFO] Nothing to compile - all classes are up to date.
[INFO] 
[INFO] <<< spring-boot:3.5.11:run (default-cli) < test-compile @ discovery-service <<<
[INFO] 
[INFO] 
[INFO] --- spring-boot:3.5.11:run (default-cli) @ discovery-service ---
[INFO] Attaching agents: []

  .   ____          _            __ _ _
 /\\ / ___'_ __ _ _(_)_ __  __ _ \ \ \ \
( ( )\___ | '_ | '_| | '_ \/ _` | \ \ \ \
 \\/  ___)| |_)| | | | | || (_| |  ) ) ) )
  '  |____| .__|_| |_|_| |_\__, | / / / /
 =========|_|==============|___/=/_/_/_/

 :: Spring Boot ::               (v3.5.11)

2026-03-03T14:40:52.119Z  INFO 150984 --- [discovery-service] [           main] c.s.d.DiscoveryServiceApplication        : Starting DiscoveryServiceApplication using Java 21.0.2 with PID 150984 (/var/www/html/A2/streaming-backend/discovery-service/target/classes started by moustapha in /var/www/html/A2/streaming-backend/discovery-service)
2026-03-03T14:40:52.122Z  INFO 150984 --- [discovery-service] [           main] c.s.d.DiscoveryServiceApplication        : No active profile set, falling back to 1 default profile: "default"
2026-03-03T14:40:53.839Z  INFO 150984 --- [discovery-service] [           main] o.s.cloud.context.scope.GenericScope     : BeanFactory id=900bf51a-921d-3d73-b374-af4053cbd87d
2026-03-03T14:40:54.318Z  INFO 150984 --- [discovery-service] [           main] o.s.b.w.embedded.tomcat.TomcatWebServer  : Tomcat initialized with port 8761 (http)
2026-03-03T14:40:54.345Z  INFO 150984 --- [discovery-service] [           main] o.apache.catalina.core.StandardService   : Starting service [Tomcat]
2026-03-03T14:40:54.345Z  INFO 150984 --- [discovery-service] [           main] o.apache.catalina.core.StandardEngine    : Starting Servlet engine: [Apache Tomcat/10.1.52]
2026-03-03T14:40:54.428Z  INFO 150984 --- [discovery-service] [           main] o.a.c.c.C.[Tomcat].[localhost].[/]       : Initializing Spring embedded WebApplicationContext
2026-03-03T14:40:54.430Z  INFO 150984 --- [discovery-service] [           main] w.s.c.ServletWebServerApplicationContext : Root WebApplicationContext: initialization completed in 2243 ms
2026-03-03T14:40:55.990Z  INFO 150984 --- [discovery-service] [           main] c.n.d.provider.DiscoveryJerseyProvider   : Using JSON encoding codec LegacyJacksonJson
2026-03-03T14:40:55.992Z  INFO 150984 --- [discovery-service] [           main] c.n.d.provider.DiscoveryJerseyProvider   : Using JSON decoding codec LegacyJacksonJson
2026-03-03T14:40:56.276Z  INFO 150984 --- [discovery-service] [           main] c.n.d.provider.DiscoveryJerseyProvider   : Using XML encoding codec XStreamXml
2026-03-03T14:40:56.276Z  INFO 150984 --- [discovery-service] [           main] c.n.d.provider.DiscoveryJerseyProvider   : Using XML decoding codec XStreamXml
2026-03-03T14:40:56.620Z  INFO 150984 --- [discovery-service] [           main] o.s.v.b.OptionalValidatorFactoryBean     : Failed to set up a Bean Validation provider: jakarta.validation.NoProviderFoundException: Unable to create a Configuration, because no Jakarta Bean Validation provider could be found. Add a provider like Hibernate Validator (RI) to your classpath.
2026-03-03T14:40:58.052Z  WARN 150984 --- [discovery-service] [           main] iguration$LoadBalancerCaffeineWarnLogger : Spring Cloud LoadBalancer is currently working with the default cache. While this cache implementation is useful for development and tests, it's recommended to use Caffeine cache in production.You can switch to using Caffeine cache, by adding it and org.springframework.cache.caffeine.CaffeineCacheManager to the classpath.
2026-03-03T14:40:58.096Z  INFO 150984 --- [discovery-service] [           main] o.s.c.n.eureka.InstanceInfoFactory       : Setting initial instance status as: STARTING
2026-03-03T14:40:58.136Z  INFO 150984 --- [discovery-service] [           main] com.netflix.discovery.DiscoveryClient    : Initializing Eureka in region us-east-1
2026-03-03T14:40:58.137Z  INFO 150984 --- [discovery-service] [           main] com.netflix.discovery.DiscoveryClient    : Client configured to neither register nor query for data.
2026-03-03T14:40:58.143Z  INFO 150984 --- [discovery-service] [           main] com.netflix.discovery.DiscoveryClient    : Discovery Client initialized at timestamp 1772548858141 with initial instances count: 0
2026-03-03T14:40:58.220Z  INFO 150984 --- [discovery-service] [           main] c.n.eureka.DefaultEurekaServerContext    : Initializing ...
2026-03-03T14:40:58.223Z  WARN 150984 --- [discovery-service] [           main] c.n.eureka.cluster.PeerEurekaNodes       : The replica size seems to be empty. Check the route 53 DNS Registry
2026-03-03T14:40:58.242Z  INFO 150984 --- [discovery-service] [           main] c.n.e.registry.AbstractInstanceRegistry  : Finished initializing remote region registries. All known remote regions: []
2026-03-03T14:40:58.243Z  INFO 150984 --- [discovery-service] [           main] c.n.eureka.DefaultEurekaServerContext    : Initialized
2026-03-03T14:40:58.275Z  INFO 150984 --- [discovery-service] [           main] o.s.b.a.e.web.EndpointLinksResolver      : Exposing 16 endpoints beneath base path '/actuator'
2026-03-03T14:40:58.392Z  INFO 150984 --- [discovery-service] [           main] o.s.c.n.e.s.EurekaServiceRegistry        : Registering application DISCOVERY-SERVICE with eureka with status UP
2026-03-03T14:40:58.413Z  INFO 150984 --- [discovery-service] [       Thread-9] o.s.c.n.e.server.EurekaServerBootstrap   : isAws returned false
2026-03-03T14:40:58.414Z  INFO 150984 --- [discovery-service] [       Thread-9] o.s.c.n.e.server.EurekaServerBootstrap   : Initialized server context
2026-03-03T14:40:58.415Z  INFO 150984 --- [discovery-service] [       Thread-9] c.n.e.r.PeerAwareInstanceRegistryImpl    : Got 1 instances from neighboring DS node
2026-03-03T14:40:58.416Z  INFO 150984 --- [discovery-service] [       Thread-9] c.n.e.r.PeerAwareInstanceRegistryImpl    : Renew threshold is: 1
2026-03-03T14:40:58.416Z  INFO 150984 --- [discovery-service] [       Thread-9] c.n.e.r.PeerAwareInstanceRegistryImpl    : Changing status to UP
2026-03-03T14:40:58.422Z  INFO 150984 --- [discovery-service] [       Thread-9] e.s.EurekaServerInitializerConfiguration : Started Eureka Server
2026-03-03T14:40:58.426Z  INFO 150984 --- [discovery-service] [           main] o.s.b.w.embedded.tomcat.TomcatWebServer  : Tomcat started on port 8761 (http) with context path '/'
2026-03-03T14:40:58.428Z  INFO 150984 --- [discovery-service] [           main] .s.c.n.e.s.EurekaAutoServiceRegistration : Updating port to 8761
2026-03-03T14:40:58.597Z  INFO 150984 --- [discovery-service] [           main] c.s.d.DiscoveryServiceApplication        : Started DiscoveryServiceApplication in 7.404 seconds (process running for 8.252)
2026-03-03T14:40:59.376Z  INFO 150984 --- [discovery-service] [nio-8761-exec-1] o.a.c.c.C.[Tomcat].[localhost].[/]       : Initializing Spring DispatcherServlet 'dispatcherServlet'
2026-03-03T14:40:59.376Z  INFO 150984 --- [discovery-service] [nio-8761-exec-1] o.s.web.servlet.DispatcherServlet        : Initializing Servlet 'dispatcherServlet'
2026-03-03T14:40:59.379Z  INFO 150984 --- [discovery-service] [nio-8761-exec-1] o.s.web.servlet.DispatcherServlet        : Completed initialization in 3 ms
2026-03-03T14:41:25.208Z  INFO 150984 --- [discovery-service] [nio-8761-exec-3] c.n.e.registry.AbstractInstanceRegistry  : Registered instance AUTH-SERVICE/amdy-moustapha:auth-service:8084 with status UP (replication=false)
2026-03-03T14:41:43.632Z  INFO 150984 --- [discovery-service] [nio-8761-exec-5] c.n.e.registry.AbstractInstanceRegistry  : Registered instance GATEWAY-SERVICE/amdy-moustapha:gateway-service:8080 with status UP (replication=false)
2026-03-03T14:41:58.417Z  INFO 150984 --- [discovery-service] [a-EvictionTimer] c.n.e.registry.AbstractInstanceRegistry  : Running the evict task with compensationTime 0ms
2026-03-03T14:42:08.195Z  INFO 150984 --- [discovery-service] [nio-8761-exec-9] c.n.e.registry.AbstractInstanceRegistry  : Registered instance VIDEO-SERVICE/amdy-moustapha:video-service:8081 with status UP (replication=false)
2026-03-03T14:42:31.982Z  INFO 150984 --- [discovery-service] [nio-8761-exec-5] c.n.e.registry.AbstractInstanceRegistry  : Registered instance USER-SERVICE/amdy-moustapha:user-service:8082 with status UP (replication=false)
2026-03-03T14:42:58.417Z  INFO 150984 --- [discovery-service] [a-EvictionTimer] c.n.e.registry.AbstractInstanceRegistry  : Running the evict task with compensationTime 0ms
2026-03-03T14:43:58.417Z  INFO 150984 --- [discovery-service] [a-EvictionTimer] c.n.e.registry.AbstractInstanceRegistry  : Running the evict task with compensationTime 0ms
2026-03-03T14:44:58.417Z  INFO 150984 --- [discovery-service] [a-EvictionTimer] c.n.e.registry.AbstractInstanceRegistry  : Running the evict task with compensationTime 0ms
2026-03-03T14:45:58.417Z  INFO 150984 --- [discovery-service] [a-EvictionTimer] c.n.e.registry.AbstractInstanceRegistry  : Running the evict task with compensationTime 0ms
