[INFO] Scanning for projects...
[INFO] 
[INFO] -------------------< com.streaming:gateway-service >--------------------
[INFO] Building gateway-service 0.0.1-SNAPSHOT
[INFO]   from pom.xml
[INFO] --------------------------------[ jar ]---------------------------------
[INFO] 
[INFO] >>> spring-boot:3.5.11:run (default-cli) > test-compile @ gateway-service >>>
[INFO] 
[INFO] --- resources:3.3.1:resources (default-resources) @ gateway-service ---
[INFO] Copying 1 resource from src/main/resources to target/classes
[INFO] Copying 0 resource from src/main/resources to target/classes
[INFO] 
[INFO] --- compiler:3.14.1:compile (default-compile) @ gateway-service ---
[INFO] Nothing to compile - all classes are up to date.
[INFO] 
[INFO] --- resources:3.3.1:testResources (default-testResources) @ gateway-service ---
[INFO] skip non existing resourceDirectory /var/www/html/A2/streaming-backend/gateway-service/src/test/resources
[INFO] 
[INFO] --- compiler:3.14.1:testCompile (default-testCompile) @ gateway-service ---
[INFO] Nothing to compile - all classes are up to date.
[INFO] 
[INFO] <<< spring-boot:3.5.11:run (default-cli) < test-compile @ gateway-service <<<
[INFO] 
[INFO] 
[INFO] --- spring-boot:3.5.11:run (default-cli) @ gateway-service ---
[INFO] Attaching agents: []

  .   ____          _            __ _ _
 /\\ / ___'_ __ _ _(_)_ __  __ _ \ \ \ \
( ( )\___ | '_ | '_| | '_ \/ _` | \ \ \ \
 \\/  ___)| |_)| | | | | || (_| |  ) ) ) )
  '  |____| .__|_| |_|_| |_\__, | / / / /
 =========|_|==============|___/=/_/_/_/

 :: Spring Boot ::               (v3.5.11)

2026-03-03T14:41:37.226Z  INFO 152192 --- [gateway-service] [           main] c.s.gateway.GatewayServiceApplication    : Starting GatewayServiceApplication using Java 21.0.2 with PID 152192 (/var/www/html/A2/streaming-backend/gateway-service/target/classes started by moustapha in /var/www/html/A2/streaming-backend/gateway-service)
2026-03-03T14:41:37.231Z  INFO 152192 --- [gateway-service] [           main] c.s.gateway.GatewayServiceApplication    : No active profile set, falling back to 1 default profile: "default"
2026-03-03T14:41:37.317Z  INFO 152192 --- [gateway-service] [           main] o.s.c.c.c.ConfigServerConfigDataLoader   : Fetching config from server at : http://localhost:8888
2026-03-03T14:41:37.317Z  INFO 152192 --- [gateway-service] [           main] o.s.c.c.c.ConfigServerConfigDataLoader   : Located environment: name=gateway-service, profiles=[default], label=null, version=2289b1410aa66eddc0a24662313ae807fd01e160, state=
2026-03-03T14:41:39.886Z  INFO 152192 --- [gateway-service] [           main] o.s.cloud.context.scope.GenericScope     : BeanFactory id=8e83080c-c273-314e-bb7f-8c0742610d19
2026-03-03T14:41:40.425Z  INFO 152192 --- [gateway-service] [           main] o.s.b.w.embedded.tomcat.TomcatWebServer  : Tomcat initialized with port 8080 (http)
2026-03-03T14:41:40.456Z  INFO 152192 --- [gateway-service] [           main] o.apache.catalina.core.StandardService   : Starting service [Tomcat]
2026-03-03T14:41:40.456Z  INFO 152192 --- [gateway-service] [           main] o.apache.catalina.core.StandardEngine    : Starting Servlet engine: [Apache Tomcat/10.1.52]
2026-03-03T14:41:40.556Z  INFO 152192 --- [gateway-service] [           main] o.a.c.c.C.[Tomcat].[localhost].[/]       : Initializing Spring embedded WebApplicationContext
2026-03-03T14:41:40.559Z  INFO 152192 --- [gateway-service] [           main] w.s.c.ServletWebServerApplicationContext : Root WebApplicationContext: initialization completed in 2902 ms
2026-03-03T14:41:42.580Z  INFO 152192 --- [gateway-service] [           main] DiscoveryClientOptionalArgsConfiguration : Eureka HTTP Client uses RestTemplate.
2026-03-03T14:41:42.966Z  WARN 152192 --- [gateway-service] [           main] iguration$LoadBalancerCaffeineWarnLogger : Spring Cloud LoadBalancer is currently working with the default cache. While this cache implementation is useful for development and tests, it's recommended to use Caffeine cache in production.You can switch to using Caffeine cache, by adding it and org.springframework.cache.caffeine.CaffeineCacheManager to the classpath.
2026-03-03T14:41:42.986Z  INFO 152192 --- [gateway-service] [           main] o.s.b.a.e.web.EndpointLinksResolver      : Exposing 16 endpoints beneath base path '/actuator'
2026-03-03T14:41:43.121Z  INFO 152192 --- [gateway-service] [           main] o.s.c.n.eureka.InstanceInfoFactory       : Setting initial instance status as: STARTING
2026-03-03T14:41:43.166Z  INFO 152192 --- [gateway-service] [           main] com.netflix.discovery.DiscoveryClient    : Initializing Eureka in region us-east-1
2026-03-03T14:41:43.175Z  INFO 152192 --- [gateway-service] [           main] c.n.d.s.r.aws.ConfigClusterResolver      : Resolving eureka endpoints via configuration
2026-03-03T14:41:43.192Z  INFO 152192 --- [gateway-service] [           main] com.netflix.discovery.DiscoveryClient    : Disable delta property : false
2026-03-03T14:41:43.193Z  INFO 152192 --- [gateway-service] [           main] com.netflix.discovery.DiscoveryClient    : Single vip registry refresh property : null
2026-03-03T14:41:43.193Z  INFO 152192 --- [gateway-service] [           main] com.netflix.discovery.DiscoveryClient    : Force full registry fetch : false
2026-03-03T14:41:43.193Z  INFO 152192 --- [gateway-service] [           main] com.netflix.discovery.DiscoveryClient    : Application is null : false
2026-03-03T14:41:43.193Z  INFO 152192 --- [gateway-service] [           main] com.netflix.discovery.DiscoveryClient    : Registered Applications size is zero : true
2026-03-03T14:41:43.194Z  INFO 152192 --- [gateway-service] [           main] com.netflix.discovery.DiscoveryClient    : Application version is -1: true
2026-03-03T14:41:43.194Z  INFO 152192 --- [gateway-service] [           main] com.netflix.discovery.DiscoveryClient    : Getting all instance registry info from the eureka server
2026-03-03T14:41:43.537Z  INFO 152192 --- [gateway-service] [           main] com.netflix.discovery.DiscoveryClient    : The response status is 200
2026-03-03T14:41:43.540Z  INFO 152192 --- [gateway-service] [           main] com.netflix.discovery.DiscoveryClient    : Starting heartbeat executor: renew interval is: 30
2026-03-03T14:41:43.546Z  INFO 152192 --- [gateway-service] [           main] c.n.discovery.InstanceInfoReplicator     : InstanceInfoReplicator onDemand update allowed rate per min is 4
2026-03-03T14:41:43.550Z  INFO 152192 --- [gateway-service] [           main] com.netflix.discovery.DiscoveryClient    : Discovery Client initialized at timestamp 1772548903549 with initial instances count: 1
2026-03-03T14:41:43.557Z  INFO 152192 --- [gateway-service] [           main] o.s.c.n.e.s.EurekaServiceRegistry        : Registering application GATEWAY-SERVICE with eureka with status UP
2026-03-03T14:41:43.558Z  INFO 152192 --- [gateway-service] [           main] com.netflix.discovery.DiscoveryClient    : Saw local status change event StatusChangeEvent [timestamp=1772548903558, current=UP, previous=STARTING]
2026-03-03T14:41:43.561Z  INFO 152192 --- [gateway-service] [foReplicator-%d] com.netflix.discovery.DiscoveryClient    : DiscoveryClient_GATEWAY-SERVICE/amdy-moustapha:gateway-service:8080: registering service...
2026-03-03T14:41:43.588Z  INFO 152192 --- [gateway-service] [           main] o.s.b.w.embedded.tomcat.TomcatWebServer  : Tomcat started on port 8080 (http) with context path '/'
2026-03-03T14:41:43.590Z  INFO 152192 --- [gateway-service] [           main] .s.c.n.e.s.EurekaAutoServiceRegistration : Updating port to 8080
2026-03-03T14:41:43.635Z  INFO 152192 --- [gateway-service] [foReplicator-%d] com.netflix.discovery.DiscoveryClient    : DiscoveryClient_GATEWAY-SERVICE/amdy-moustapha:gateway-service:8080 - registration status: 204
2026-03-03T14:41:43.678Z  INFO 152192 --- [gateway-service] [           main] c.s.gateway.GatewayServiceApplication    : Started GatewayServiceApplication in 9.119 seconds (process running for 9.902)
2026-03-03T14:41:45.686Z  INFO 152192 --- [gateway-service] [nio-8080-exec-1] o.a.c.c.C.[Tomcat].[localhost].[/]       : Initializing Spring DispatcherServlet 'dispatcherServlet'
2026-03-03T14:41:45.687Z  INFO 152192 --- [gateway-service] [nio-8080-exec-1] o.s.web.servlet.DispatcherServlet        : Initializing Servlet 'dispatcherServlet'
2026-03-03T14:41:45.690Z  INFO 152192 --- [gateway-service] [nio-8080-exec-1] o.s.web.servlet.DispatcherServlet        : Completed initialization in 3 ms
